<?xml version="1.0" encoding="UTF-8" ?>
<testsuite errors="1" failures="0" hostname="BonBon-PC" name="edu.wpi.off.by.one.errors.code.Test" skipped="0" tests="1" time="0.0" timestamp="2015-11-30T17:27:28">
  <properties>
[...]
</properties>
  <error message="edu/wpi/off/by/one/errors/code/Test (wrong name: edu/wpi/off/by/one/errors/code/test)" type="java.lang.NoClassDefFoundError">java.lang.NoClassDefFoundError: edu/wpi/off/by/one/errors/code/Test (wrong name: edu/wpi/off/by/one/errors/code/test)
	at java.lang.ClassLoader.defineClass1(Native Method)
	at java.lang.ClassLoader.defineClass(Unknown Source)
	at java.security.SecureClassLoader.defineClass(Unknown Source)
	at java.net.URLClassLoader.defineClass(Unknown Source)
	at java.net.URLClassLoader.access$100(Unknown Source)
	at java.net.URLClassLoader$1.run(Unknown Source)
	at java.net.URLClassLoader$1.run(Unknown Source)
	at java.security.AccessController.doPrivileged(Native Method)
	at java.net.URLClassLoader.findClass(Unknown Source)
	at java.lang.ClassLoader.loadClass(Unknown Source)
	at sun.misc.Launcher$AppClassLoader.loadClass(Unknown Source)
	at java.lang.ClassLoader.loadClass(Unknown Source)
	at java.lang.Class.forName0(Native Method)
	at java.lang.Class.forName(Unknown Source)
</error>
  <system-out><![CDATA[]]></system-out>
  <system-err><![CDATA[]]></system-err>
</testsuite>
